<?xml version="1.0" encoding="UTF-8"?>
<!-- Generated by org.testng.reporters.JUnitReportReporter -->
<testsuite hostname="TSSMULT320" failures="0" tests="1" name="automationPractice.HomePage" time="21.384" errors="0" timestamp="2020-02-23T12:01:50 IST" skipped="0">
  <testcase classname="automationPractice.HomePage" name="basePageNavigation" time="21.384"/>
  <system-out/>
</testsuite> <!-- automationPractice.HomePage -->
