<?xml version="1.0" encoding="UTF-8"?>
<!-- Generated by org.testng.reporters.JUnitReportReporter -->
<testsuite hostname="TSSMULT320" failures="0" tests="7" name="automationPractice.E2ETest" time="37.106" errors="0" timestamp="2020-02-24T19:26:04 IST" skipped="0">
  <testcase classname="automationPractice.E2ETest" name="basePageNavigation" time="2.651"/>
  <system-out/>
  <testcase classname="automationPractice.E2ETest" name="createNewAccount" time="0.667"/>
  <system-out/>
  <testcase classname="automationPractice.E2ETest" name="RegisterNewUser" time="8.880"/>
  <system-out/>
  <testcase classname="automationPractice.E2ETest" name="Login" time="2.783"/>
  <system-out/>
  <testcase classname="automationPractice.E2ETest" name="AddToCart" time="9.350"/>
  <system-out/>
  <testcase classname="automationPractice.E2ETest" name="Checkout" time="10.034"/>
  <system-out/>
  <testcase classname="automationPractice.E2ETest" name="OrderHistory" time="2.741"/>
  <system-out/>
</testsuite> <!-- automationPractice.E2ETest -->
